--------------------------------------------------------------------------------
Release 14.7 Trace  (nt64)
Copyright (c) 1995-2013 Xilinx, Inc.  All rights reserved.

D:\ISE\14.7\ISE_DS\ISE\bin\nt64\unwrapped\trce.exe -intstyle ise -v 3 -s 3 -n 3
-fastpaths -xml pwm.twx pwm.ncd -o pwm.twr pwm.pcf -ucf pwm.ucf

Design file:              pwm.ncd
Physical constraint file: pwm.pcf
Device,package,speed:     xc6slx16,csg324,C,-3 (PRODUCTION 1.23 2013-10-13)
Report level:             verbose report

Environment Variable      Effect 
--------------------      ------ 
NONE                      No environment variables were set
--------------------------------------------------------------------------------

INFO:Timing:2698 - No timing constraints found, doing default enumeration.
INFO:Timing:3412 - To improve timing, see the Timing Closure User Guide (UG612).
INFO:Timing:2752 - To get complete path coverage, use the unconstrained paths 
   option. All paths that are not constrained will be reported in the 
   unconstrained paths section(s) of the report.
INFO:Timing:3339 - The clock-to-out numbers in this timing report are based on 
   a 50 Ohm transmission line loading model.  For the details of this model, 
   and for more information on accounting for different loading conditions, 
   please see the device datasheet.



Data Sheet report:
-----------------
All values displayed in nanoseconds (ns)

Setup/Hold to clock clk
------------+------------+------------+------------+------------+------------------+--------+
            |Max Setup to|  Process   |Max Hold to |  Process   |                  | Clock  |
Source      | clk (edge) |   Corner   | clk (edge) |   Corner   |Internal Clock(s) | Phase  |
------------+------------+------------+------------+------------+------------------+--------+
buttons<0>  |    4.697(R)|      SLOW  |   -2.789(R)|      FAST  |clk_400           |   0.000|
buttons<1>  |    4.117(R)|      SLOW  |   -2.419(R)|      FAST  |clk_400           |   0.000|
buttons<2>  |    2.839(R)|      SLOW  |   -1.642(R)|      FAST  |clk_400           |   0.000|
buttons<3>  |    2.746(R)|      SLOW  |   -1.647(R)|      FAST  |clk_400           |   0.000|
rst         |    5.927(R)|      SLOW  |   -2.214(R)|      FAST  |clk_400           |   0.000|
------------+------------+------------+------------+------------+------------------+--------+

Clock clk to Pad
------------+-----------------+------------+-----------------+------------+------------------+--------+
            |Max (slowest) clk|  Process   |Min (fastest) clk|  Process   |                  | Clock  |
Destination |  (edge) to PAD  |   Corner   |  (edge) to PAD  |   Corner   |Internal Clock(s) | Phase  |
------------+-----------------+------------+-----------------+------------+------------------+--------+
pwm1        |         7.312(R)|      SLOW  |         4.478(R)|      FAST  |clk_400           |   0.000|
pwm2        |         7.320(R)|      SLOW  |         4.462(R)|      FAST  |clk_400           |   0.000|
------------+-----------------+------------+-----------------+------------+------------------+--------+

Clock to Setup on destination clock clk
---------------+---------+---------+---------+---------+
               | Src:Rise| Src:Fall| Src:Rise| Src:Fall|
Source Clock   |Dest:Rise|Dest:Rise|Dest:Fall|Dest:Fall|
---------------+---------+---------+---------+---------+
clk            |    5.992|         |         |         |
---------------+---------+---------+---------+---------+

Pad to Pad
---------------+---------------+---------+
Source Pad     |Destination Pad|  Delay  |
---------------+---------------+---------+
buttons<0>     |leds<0>        |   10.628|
buttons<1>     |leds<1>        |    9.898|
buttons<2>     |leds<2>        |    8.061|
buttons<3>     |leds<3>        |    8.507|
---------------+---------------+---------+


Analysis completed Thu Aug 22 15:54:46 2019 
--------------------------------------------------------------------------------

Trace Settings:
-------------------------
Trace Settings 

Peak Memory Usage: 4575 MB



